2017-08-17 10:41:55,483 ERROR [Worker-19] - System.err - org.eclipse.core.runtime.CoreException: Error extracting bundleentry://1308.fwk1956569315/icons/html5.png
2017-08-17 10:41:55,484 ERROR [Worker-19] - System.err - at org.jboss.tools.central.internal.ImageUtil.throwCoreException(ImageUtil.java:169)
2017-08-17 10:41:55,484 ERROR [Worker-19] - System.err - at org.jboss.tools.central.internal.ImageUtil.access$0(ImageUtil.java:167)
2017-08-17 10:41:55,484 ERROR [Worker-19] - System.err - at org.jboss.tools.central.internal.ImageUtil$UrlStreamDefaultProvider.readStream(ImageUtil.java:161)
2017-08-17 10:41:55,484 ERROR [Worker-19] - System.err - at org.jboss.tools.central.internal.ImageUtil.getImageAsLocalUrl(ImageUtil.java:90)
2017-08-17 10:41:55,484 ERROR [Worker-19] - System.err - at org.jboss.tools.central.internal.JsonUtil.jsonifyWizards(JsonUtil.java:39)
2017-08-17 10:41:55,484 ERROR [Worker-19] - System.err - at org.jboss.tools.central.editors.GettingStartedHtmlPage.getLoadProxyWizardsScript(GettingStartedHtmlPage.java:520)
2017-08-17 10:41:55,484 ERROR [Worker-19] - System.err - at org.jboss.tools.central.editors.GettingStartedHtmlPage.resetWizards(GettingStartedHtmlPage.java:481)
2017-08-17 10:41:55,484 ERROR [Worker-19] - System.err - at org.jboss.tools.central.editors.GettingStartedHtmlPage.onProxyWizardUpdate(GettingStartedHtmlPage.java:486)
2017-08-17 10:41:55,485 ERROR [Worker-19] - System.err - at org.jboss.tools.central.internal.discovery.wizards.ProxyWizardManager.notifyListeners(ProxyWizardManager.java:277)
2017-08-17 10:41:55,485 ERROR [Worker-19] - System.err - at org.jboss.tools.central.internal.discovery.wizards.ProxyWizardManager.loadWizards(ProxyWizardManager.java:116)
2017-08-17 10:41:55,485 ERROR [Worker-19] - System.err - at org.jboss.tools.central.internal.discovery.wizards.ProxyWizardUpdateJob.run(ProxyWizardUpdateJob.java:47)
2017-08-17 10:41:55,485 ERROR [Worker-19] - System.err - at org.eclipse.core.internal.jobs.Worker.run(Worker.java:55)
2017-08-17 10:41:55,485 ERROR [Worker-19] - System.err - Caused by: java.nio.file.FileAlreadyExistsException: /home/sunbeam/aug17/dac/c/workspace/.metadata/.plugins/org.jboss.tools.central/images/1820440535/html5.png
2017-08-17 10:41:55,485 ERROR [Worker-19] - System.err - at sun.nio.fs.UnixException.translateToIOException(UnixException.java:88)
2017-08-17 10:41:55,485 ERROR [Worker-19] - System.err - at sun.nio.fs.UnixException.rethrowAsIOException(UnixException.java:102)
2017-08-17 10:41:55,485 ERROR [Worker-19] - System.err - at sun.nio.fs.UnixException.rethrowAsIOException(UnixException.java:107)
2017-08-17 10:41:55,485 ERROR [Worker-19] - System.err - at sun.nio.fs.UnixFileSystemProvider.newByteChannel(UnixFileSystemProvider.java:214)
2017-08-17 10:41:55,485 ERROR [Worker-19] - System.err - at java.nio.file.spi.FileSystemProvider.newOutputStream(FileSystemProvider.java:434)
2017-08-17 10:41:55,485 ERROR [Worker-19] - System.err - at java.nio.file.Files.newOutputStream(Files.java:216)
2017-08-17 10:41:55,485 ERROR [Worker-19] - System.err - at java.nio.file.Files.copy(Files.java:3016)
2017-08-17 10:41:55,485 ERROR [Worker-19] - System.err - at org.jboss.tools.central.internal.ImageUtil$2.handle(ImageUtil.java:94)
2017-08-17 10:41:55,485 ERROR [Worker-19] - System.err - at org.jboss.tools.central.internal.ImageUtil$UrlStreamDefaultProvider.readStream(ImageUtil.java:159)
2017-08-17 10:41:55,485 ERROR [Worker-19] - System.err - ... 9 more
2017-08-17 10:41:55,502 ERROR [Worker-11] - System.err - org.eclipse.core.runtime.CoreException: Error extracting bundleentry://1308.fwk1956569315/icons/openshift-logo-white-icon.png
2017-08-17 10:41:55,503 ERROR [Worker-11] - System.err - at org.jboss.tools.central.internal.ImageUtil.throwCoreException(ImageUtil.java:169)
2017-08-17 10:41:55,503 ERROR [Worker-11] - System.err - at org.jboss.tools.central.internal.ImageUtil.access$0(ImageUtil.java:167)
2017-08-17 10:41:55,503 ERROR [Worker-11] - System.err - at org.jboss.tools.central.internal.ImageUtil$UrlStreamDefaultProvider.readStream(ImageUtil.java:161)
2017-08-17 10:41:55,503 ERROR [Worker-11] - System.err - at org.jboss.tools.central.internal.ImageUtil.getImageAsLocalUrl(ImageUtil.java:90)
2017-08-17 10:41:55,503 ERROR [Worker-11] - System.err - at org.jboss.tools.central.internal.JsonUtil.jsonifyWizards(JsonUtil.java:39)
2017-08-17 10:41:55,503 ERROR [Worker-11] - System.err - at org.jboss.tools.central.editors.GettingStartedHtmlPage.getLoadProxyWizardsScript(GettingStartedHtmlPage.java:520)
2017-08-17 10:41:55,503 ERROR [Worker-11] - System.err - at org.jboss.tools.central.editors.GettingStartedHtmlPage.resetWizards(GettingStartedHtmlPage.java:481)
2017-08-17 10:41:55,503 ERROR [Worker-11] - System.err - at org.jboss.tools.central.editors.GettingStartedHtmlPage.access$13(GettingStartedHtmlPage.java:466)
2017-08-17 10:41:55,503 ERROR [Worker-11] - System.err - at org.jboss.tools.central.editors.GettingStartedHtmlPage$5$2.run(GettingStartedHtmlPage.java:278)
2017-08-17 10:41:55,503 ERROR [Worker-11] - System.err - at org.eclipse.core.internal.jobs.Worker.run(Worker.java:55)
2017-08-17 10:41:55,503 ERROR [Worker-11] - System.err - Caused by: java.nio.file.FileAlreadyExistsException: /home/sunbeam/aug17/dac/c/workspace/.metadata/.plugins/org.jboss.tools.central/images/1712667159/openshift-logo-white-icon.png
2017-08-17 10:41:55,503 ERROR [Worker-11] - System.err - at sun.nio.fs.UnixException.translateToIOException(UnixException.java:88)
2017-08-17 10:41:55,503 ERROR [Worker-11] - System.err - at sun.nio.fs.UnixException.rethrowAsIOException(UnixException.java:102)
2017-08-17 10:41:55,503 ERROR [Worker-11] - System.err - at sun.nio.fs.UnixException.rethrowAsIOException(UnixException.java:107)
2017-08-17 10:41:55,503 ERROR [Worker-11] - System.err - at sun.nio.fs.UnixFileSystemProvider.newByteChannel(UnixFileSystemProvider.java:214)
2017-08-17 10:41:55,503 ERROR [Worker-11] - System.err - at java.nio.file.spi.FileSystemProvider.newOutputStream(FileSystemProvider.java:434)
2017-08-17 10:41:55,503 ERROR [Worker-11] - System.err - at java.nio.file.Files.newOutputStream(Files.java:216)
2017-08-17 10:41:55,503 ERROR [Worker-11] - System.err - at java.nio.file.Files.copy(Files.java:3016)
2017-08-17 10:41:55,504 ERROR [Worker-11] - System.err - at org.jboss.tools.central.internal.ImageUtil$2.handle(ImageUtil.java:94)
2017-08-17 10:41:55,504 ERROR [Worker-11] - System.err - at org.jboss.tools.central.internal.ImageUtil$UrlStreamDefaultProvider.readStream(ImageUtil.java:159)
2017-08-17 10:41:55,504 ERROR [Worker-11] - System.err - ... 7 more
